Analysis & Elaboration report for DataPath
Sun Dec 11 19:52:46 2016
Quartus II 64-Bit Version 15.0.0 Build 145 04/22/2015 SJ Web Edition


---------------------
; Table of Contents ;
---------------------
  1. Legal Notice
  2. Analysis & Elaboration Summary
  3. Parallel Compilation
  4. Analysis & Elaboration Settings
  5. Port Connectivity Checks: "mux4to1B32:muxJump"
  6. Port Connectivity Checks: "adder:branchAdd"
  7. Port Connectivity Checks: "ALU:theALU|mux8to1B32:muxFinal"
  8. Port Connectivity Checks: "ALU:theALU|mux4to1B32:third"
  9. Port Connectivity Checks: "ALU:theALU|mux4to1B32:second"
 10. Port Connectivity Checks: "ALU:theALU|mux8to1B32:first"
 11. Port Connectivity Checks: "mux4to1B32:ALUB"
 12. Port Connectivity Checks: "mux4to1B32:ALUA"
 13. Port Connectivity Checks: "enabledRegister:RD2Out"
 14. Port Connectivity Checks: "enabledRegister:RD1Out"
 15. Port Connectivity Checks: "mux4to1B32:muxWD3"
 16. Port Connectivity Checks: "mux2to1B5:muxJal"
 17. Port Connectivity Checks: "mux2to1B5:muxA3|mux4to1B1:m1"
 18. Port Connectivity Checks: "mux2to1B5:muxA3|mux4to1B4:m0"
 19. Port Connectivity Checks: "enabledRegister:dataIn"
 20. Port Connectivity Checks: "registerFile:theRegisters|mux8to1B32:mpxA1|mux4to1B32:s3"
 21. Port Connectivity Checks: "registerFile:theRegisters|enabledRegister:r0|mux4to1B32:mux0"
 22. Port Connectivity Checks: "mux4to1B32:memoryIn"
 23. Port Connectivity Checks: "Control:theControl|mux4to1B1:swSave"
 24. Port Connectivity Checks: "Control:theControl|mux4to1B1:lwSave"
 25. Port Connectivity Checks: "Control:theControl"
 26. Analysis & Elaboration Messages



----------------
; Legal Notice ;
----------------
Copyright (C) 1991-2015 Altera Corporation. All rights reserved.
Your use of Altera Corporation's design tools, logic functions 
and other software and tools, and its AMPP partner logic 
functions, and any output files from any of the foregoing 
(including device programming or simulation files), and any 
associated documentation or information are expressly subject 
to the terms and conditions of the Altera Program License 
Subscription Agreement, the Altera Quartus II License Agreement,
the Altera MegaCore Function License Agreement, or other 
applicable license agreement, including, without limitation, 
that your use is for the sole purpose of programming logic 
devices manufactured by Altera and sold by Altera or its 
authorized distributors.  Please refer to the applicable 
agreement for further details.



+----------------------------------------------------------------------------+
; Analysis & Elaboration Summary                                             ;
+-------------------------------+--------------------------------------------+
; Analysis & Elaboration Status ; Successful - Sun Dec 11 19:52:46 2016      ;
; Quartus II 64-Bit Version     ; 15.0.0 Build 145 04/22/2015 SJ Web Edition ;
; Revision Name                 ; DataPath                                   ;
; Top-level Entity Name         ; DataPath                                   ;
; Family                        ; Cyclone V                                  ;
; Logic utilization (in ALMs)   ; N/A until Partition Merge                  ;
; Total registers               ; N/A until Partition Merge                  ;
; Total pins                    ; N/A until Partition Merge                  ;
; Total virtual pins            ; N/A until Partition Merge                  ;
; Total block memory bits       ; N/A until Partition Merge                  ;
; Total PLLs                    ; N/A until Partition Merge                  ;
; Total DLLs                    ; N/A until Partition Merge                  ;
+-------------------------------+--------------------------------------------+


Parallel compilation was disabled, but you have multiple processors available. Enable parallel compilation to reduce compilation time.
+-------------------------------------+
; Parallel Compilation                ;
+----------------------------+--------+
; Processors                 ; Number ;
+----------------------------+--------+
; Number detected on machine ; 16     ;
; Maximum allowed            ; 1      ;
+----------------------------+--------+


+---------------------------------------------------------------------------------------------------------------------------+
; Analysis & Elaboration Settings                                                                                           ;
+---------------------------------------------------------------------------------+--------------------+--------------------+
; Option                                                                          ; Setting            ; Default Value      ;
+---------------------------------------------------------------------------------+--------------------+--------------------+
; Device                                                                          ; 5CGXFC7C7F23C8     ;                    ;
; Top-level entity name                                                           ; DataPath           ; DataPath           ;
; Family name                                                                     ; Cyclone V          ; Cyclone V          ;
; Use smart compilation                                                           ; Off                ; Off                ;
; Enable parallel Assembler and TimeQuest Timing Analyzer during compilation      ; On                 ; On                 ;
; Enable compact report table                                                     ; Off                ; Off                ;
; Restructure Multiplexers                                                        ; Auto               ; Auto               ;
; MLAB Add Timing Constraints For Mixed-Port Feed-Through Mode Setting Don't Care ; Off                ; Off                ;
; Create Debugging Nodes for IP Cores                                             ; Off                ; Off                ;
; Preserve fewer node names                                                       ; On                 ; On                 ;
; Disable OpenCore Plus hardware evaluation                                       ; Off                ; Off                ;
; Verilog Version                                                                 ; Verilog_2001       ; Verilog_2001       ;
; VHDL Version                                                                    ; VHDL_1993          ; VHDL_1993          ;
; State Machine Processing                                                        ; Auto               ; Auto               ;
; Safe State Machine                                                              ; Off                ; Off                ;
; Extract Verilog State Machines                                                  ; On                 ; On                 ;
; Extract VHDL State Machines                                                     ; On                 ; On                 ;
; Ignore Verilog initial constructs                                               ; Off                ; Off                ;
; Iteration limit for constant Verilog loops                                      ; 5000               ; 5000               ;
; Iteration limit for non-constant Verilog loops                                  ; 250                ; 250                ;
; Add Pass-Through Logic to Inferred RAMs                                         ; On                 ; On                 ;
; Infer RAMs from Raw Logic                                                       ; On                 ; On                 ;
; Parallel Synthesis                                                              ; On                 ; On                 ;
; DSP Block Balancing                                                             ; Auto               ; Auto               ;
; NOT Gate Push-Back                                                              ; On                 ; On                 ;
; Power-Up Don't Care                                                             ; On                 ; On                 ;
; Remove Redundant Logic Cells                                                    ; Off                ; Off                ;
; Remove Duplicate Registers                                                      ; On                 ; On                 ;
; Ignore CARRY Buffers                                                            ; Off                ; Off                ;
; Ignore CASCADE Buffers                                                          ; Off                ; Off                ;
; Ignore GLOBAL Buffers                                                           ; Off                ; Off                ;
; Ignore ROW GLOBAL Buffers                                                       ; Off                ; Off                ;
; Ignore LCELL Buffers                                                            ; Off                ; Off                ;
; Ignore SOFT Buffers                                                             ; On                 ; On                 ;
; Limit AHDL Integers to 32 Bits                                                  ; Off                ; Off                ;
; Optimization Technique                                                          ; Balanced           ; Balanced           ;
; Carry Chain Length                                                              ; 70                 ; 70                 ;
; Auto Carry Chains                                                               ; On                 ; On                 ;
; Auto Open-Drain Pins                                                            ; On                 ; On                 ;
; Perform WYSIWYG Primitive Resynthesis                                           ; Off                ; Off                ;
; Auto ROM Replacement                                                            ; On                 ; On                 ;
; Auto RAM Replacement                                                            ; On                 ; On                 ;
; Auto DSP Block Replacement                                                      ; On                 ; On                 ;
; Auto Shift Register Replacement                                                 ; Auto               ; Auto               ;
; Allow Shift Register Merging across Hierarchies                                 ; Auto               ; Auto               ;
; Auto Clock Enable Replacement                                                   ; On                 ; On                 ;
; Strict RAM Replacement                                                          ; Off                ; Off                ;
; Allow Synchronous Control Signals                                               ; On                 ; On                 ;
; Force Use of Synchronous Clear Signals                                          ; Off                ; Off                ;
; Auto Resource Sharing                                                           ; Off                ; Off                ;
; Allow Any RAM Size For Recognition                                              ; Off                ; Off                ;
; Allow Any ROM Size For Recognition                                              ; Off                ; Off                ;
; Allow Any Shift Register Size For Recognition                                   ; Off                ; Off                ;
; Use LogicLock Constraints during Resource Balancing                             ; On                 ; On                 ;
; Ignore translate_off and synthesis_off directives                               ; Off                ; Off                ;
; Timing-Driven Synthesis                                                         ; On                 ; On                 ;
; Report Parameter Settings                                                       ; On                 ; On                 ;
; Report Source Assignments                                                       ; On                 ; On                 ;
; Report Connectivity Checks                                                      ; On                 ; On                 ;
; Ignore Maximum Fan-Out Assignments                                              ; Off                ; Off                ;
; Synchronization Register Chain Length                                           ; 3                  ; 3                  ;
; PowerPlay Power Optimization During Synthesis                                   ; Normal compilation ; Normal compilation ;
; HDL message level                                                               ; Level2             ; Level2             ;
; Suppress Register Optimization Related Messages                                 ; Off                ; Off                ;
; Number of Removed Registers Reported in Synthesis Report                        ; 5000               ; 5000               ;
; Number of Swept Nodes Reported in Synthesis Report                              ; 5000               ; 5000               ;
; Number of Inverted Registers Reported in Synthesis Report                       ; 100                ; 100                ;
; Clock MUX Protection                                                            ; On                 ; On                 ;
; Auto Gated Clock Conversion                                                     ; Off                ; Off                ;
; Block Design Naming                                                             ; Auto               ; Auto               ;
; SDC constraint protection                                                       ; Off                ; Off                ;
; Synthesis Effort                                                                ; Auto               ; Auto               ;
; Shift Register Replacement - Allow Asynchronous Clear Signal                    ; On                 ; On                 ;
; Pre-Mapping Resynthesis Optimization                                            ; Off                ; Off                ;
; Analysis & Synthesis Message Level                                              ; Medium             ; Medium             ;
; Disable Register Merging Across Hierarchies                                     ; Auto               ; Auto               ;
; Resource Aware Inference For Block RAM                                          ; On                 ; On                 ;
; Synthesis Seed                                                                  ; 1                  ; 1                  ;
; Automatic Parallel Synthesis                                                    ; On                 ; On                 ;
; Partial Reconfiguration Bitstream ID                                            ; Off                ; Off                ;
+---------------------------------------------------------------------------------+--------------------+--------------------+


+------------------------------------------------+
; Port Connectivity Checks: "mux4to1B32:muxJump" ;
+----------+-------+----------+------------------+
; Port     ; Type  ; Severity ; Details          ;
+----------+-------+----------+------------------+
; C1       ; Input ; Info     ; Stuck at GND     ;
; I3       ; Input ; Info     ; Stuck at GND     ;
; I2       ; Input ; Info     ; Stuck at GND     ;
; I0[1..0] ; Input ; Info     ; Stuck at GND     ;
+----------+-------+----------+------------------+


+------------------------------------------------------------------------------------------------------------------+
; Port Connectivity Checks: "adder:branchAdd"                                                                      ;
+--------+--------+----------+-------------------------------------------------------------------------------------+
; Port   ; Type   ; Severity ; Details                                                                             ;
+--------+--------+----------+-------------------------------------------------------------------------------------+
; answer ; Output ; Info     ; Connected to dangling logic. Logic that only feeds a dangling port will be removed. ;
+--------+--------+----------+-------------------------------------------------------------------------------------+


+------------------------------------------------------------+
; Port Connectivity Checks: "ALU:theALU|mux8to1B32:muxFinal" ;
+------+-------+----------+----------------------------------+
; Port ; Type  ; Severity ; Details                          ;
+------+-------+----------+----------------------------------+
; I7   ; Input ; Info     ; Stuck at GND                     ;
; I6   ; Input ; Info     ; Stuck at GND                     ;
; I5   ; Input ; Info     ; Stuck at GND                     ;
; I3   ; Input ; Info     ; Stuck at GND                     ;
; I0   ; Input ; Info     ; Stuck at GND                     ;
+------+-------+----------+----------------------------------+


+---------------------------------------------------------+
; Port Connectivity Checks: "ALU:theALU|mux4to1B32:third" ;
+------+-------+----------+-------------------------------+
; Port ; Type  ; Severity ; Details                       ;
+------+-------+----------+-------------------------------+
; I3   ; Input ; Info     ; Stuck at GND                  ;
; I0   ; Input ; Info     ; Stuck at GND                  ;
+------+-------+----------+-------------------------------+


+----------------------------------------------------------+
; Port Connectivity Checks: "ALU:theALU|mux4to1B32:second" ;
+------+-------+----------+--------------------------------+
; Port ; Type  ; Severity ; Details                        ;
+------+-------+----------+--------------------------------+
; I3   ; Input ; Info     ; Stuck at GND                   ;
; I0   ; Input ; Info     ; Stuck at GND                   ;
+------+-------+----------+--------------------------------+


+---------------------------------------------------------+
; Port Connectivity Checks: "ALU:theALU|mux8to1B32:first" ;
+------+-------+----------+-------------------------------+
; Port ; Type  ; Severity ; Details                       ;
+------+-------+----------+-------------------------------+
; I7   ; Input ; Info     ; Stuck at GND                  ;
; I6   ; Input ; Info     ; Stuck at GND                  ;
; I5   ; Input ; Info     ; Stuck at GND                  ;
; I3   ; Input ; Info     ; Stuck at GND                  ;
; I0   ; Input ; Info     ; Stuck at GND                  ;
+------+-------+----------+-------------------------------+


+---------------------------------------------+
; Port Connectivity Checks: "mux4to1B32:ALUB" ;
+----------+-------+----------+---------------+
; Port     ; Type  ; Severity ; Details       ;
+----------+-------+----------+---------------+
; I3[1..0] ; Input ; Info     ; Stuck at GND  ;
+----------+-------+----------+---------------+


+---------------------------------------------+
; Port Connectivity Checks: "mux4to1B32:ALUA" ;
+------+-------+----------+-------------------+
; Port ; Type  ; Severity ; Details           ;
+------+-------+----------+-------------------+
; C1   ; Input ; Info     ; Stuck at GND      ;
; I3   ; Input ; Info     ; Stuck at GND      ;
; I2   ; Input ; Info     ; Stuck at GND      ;
+------+-------+----------+-------------------+


+----------------------------------------------------+
; Port Connectivity Checks: "enabledRegister:RD2Out" ;
+-------------+-------+----------+-------------------+
; Port        ; Type  ; Severity ; Details           ;
+-------------+-------+----------+-------------------+
; writeEnable ; Input ; Info     ; Stuck at VCC      ;
+-------------+-------+----------+-------------------+


+----------------------------------------------------+
; Port Connectivity Checks: "enabledRegister:RD1Out" ;
+-------------+-------+----------+-------------------+
; Port        ; Type  ; Severity ; Details           ;
+-------------+-------+----------+-------------------+
; writeEnable ; Input ; Info     ; Stuck at VCC      ;
+-------------+-------+----------+-------------------+


+-----------------------------------------------+
; Port Connectivity Checks: "mux4to1B32:muxWD3" ;
+------+-------+----------+---------------------+
; Port ; Type  ; Severity ; Details             ;
+------+-------+----------+---------------------+
; C1   ; Input ; Info     ; Stuck at GND        ;
; I3   ; Input ; Info     ; Stuck at GND        ;
; I2   ; Input ; Info     ; Stuck at GND        ;
+------+-------+----------+---------------------+


+----------------------------------------------+
; Port Connectivity Checks: "mux2to1B5:muxJal" ;
+------+-------+----------+--------------------+
; Port ; Type  ; Severity ; Details            ;
+------+-------+----------+--------------------+
; I1   ; Input ; Info     ; Stuck at VCC       ;
+------+-------+----------+--------------------+


+----------------------------------------------------------+
; Port Connectivity Checks: "mux2to1B5:muxA3|mux4to1B1:m1" ;
+------+-------+----------+--------------------------------+
; Port ; Type  ; Severity ; Details                        ;
+------+-------+----------+--------------------------------+
; C1   ; Input ; Info     ; Stuck at GND                   ;
; I3   ; Input ; Info     ; Stuck at GND                   ;
; I2   ; Input ; Info     ; Stuck at GND                   ;
+------+-------+----------+--------------------------------+


+----------------------------------------------------------+
; Port Connectivity Checks: "mux2to1B5:muxA3|mux4to1B4:m0" ;
+------+-------+----------+--------------------------------+
; Port ; Type  ; Severity ; Details                        ;
+------+-------+----------+--------------------------------+
; C1   ; Input ; Info     ; Stuck at GND                   ;
; I3   ; Input ; Info     ; Stuck at GND                   ;
; I2   ; Input ; Info     ; Stuck at GND                   ;
+------+-------+----------+--------------------------------+


+----------------------------------------------------+
; Port Connectivity Checks: "enabledRegister:dataIn" ;
+-------------+-------+----------+-------------------+
; Port        ; Type  ; Severity ; Details           ;
+-------------+-------+----------+-------------------+
; writeEnable ; Input ; Info     ; Stuck at VCC      ;
+-------------+-------+----------+-------------------+


+--------------------------------------------------------------------------------------+
; Port Connectivity Checks: "registerFile:theRegisters|mux8to1B32:mpxA1|mux4to1B32:s3" ;
+------+-------+----------+------------------------------------------------------------+
; Port ; Type  ; Severity ; Details                                                    ;
+------+-------+----------+------------------------------------------------------------+
; C1   ; Input ; Info     ; Stuck at GND                                               ;
; I3   ; Input ; Info     ; Stuck at GND                                               ;
; I2   ; Input ; Info     ; Stuck at GND                                               ;
+------+-------+----------+------------------------------------------------------------+


+------------------------------------------------------------------------------------------+
; Port Connectivity Checks: "registerFile:theRegisters|enabledRegister:r0|mux4to1B32:mux0" ;
+-----------+-------+----------+-----------------------------------------------------------+
; Port      ; Type  ; Severity ; Details                                                   ;
+-----------+-------+----------+-----------------------------------------------------------+
; C1        ; Input ; Info     ; Stuck at GND                                              ;
; I3[31..8] ; Input ; Info     ; Stuck at GND                                              ;
; I3[7]     ; Input ; Info     ; Stuck at VCC                                              ;
; I3[6]     ; Input ; Info     ; Stuck at GND                                              ;
; I3[5]     ; Input ; Info     ; Stuck at VCC                                              ;
; I3[4]     ; Input ; Info     ; Stuck at GND                                              ;
; I3[3]     ; Input ; Info     ; Stuck at VCC                                              ;
; I3[2]     ; Input ; Info     ; Stuck at GND                                              ;
; I3[1]     ; Input ; Info     ; Stuck at VCC                                              ;
; I3[0]     ; Input ; Info     ; Stuck at GND                                              ;
; I2[7..6]  ; Input ; Info     ; Stuck at VCC                                              ;
; I2[3..2]  ; Input ; Info     ; Stuck at VCC                                              ;
; I2[31..8] ; Input ; Info     ; Stuck at GND                                              ;
; I2[5..4]  ; Input ; Info     ; Stuck at GND                                              ;
; I2[1..0]  ; Input ; Info     ; Stuck at GND                                              ;
+-----------+-------+----------+-----------------------------------------------------------+


+-------------------------------------------------+
; Port Connectivity Checks: "mux4to1B32:memoryIn" ;
+------+-------+----------+-----------------------+
; Port ; Type  ; Severity ; Details               ;
+------+-------+----------+-----------------------+
; C1   ; Input ; Info     ; Stuck at GND          ;
; I3   ; Input ; Info     ; Stuck at GND          ;
; I2   ; Input ; Info     ; Stuck at GND          ;
+------+-------+----------+-----------------------+


+-----------------------------------------------------------------+
; Port Connectivity Checks: "Control:theControl|mux4to1B1:swSave" ;
+------+-------+----------+---------------------------------------+
; Port ; Type  ; Severity ; Details                               ;
+------+-------+----------+---------------------------------------+
; C1   ; Input ; Info     ; Stuck at GND                          ;
; I3   ; Input ; Info     ; Stuck at GND                          ;
; I2   ; Input ; Info     ; Stuck at GND                          ;
+------+-------+----------+---------------------------------------+


+-----------------------------------------------------------------+
; Port Connectivity Checks: "Control:theControl|mux4to1B1:lwSave" ;
+------+-------+----------+---------------------------------------+
; Port ; Type  ; Severity ; Details                               ;
+------+-------+----------+---------------------------------------+
; C1   ; Input ; Info     ; Stuck at GND                          ;
; I3   ; Input ; Info     ; Stuck at GND                          ;
; I2   ; Input ; Info     ; Stuck at GND                          ;
+------+-------+----------+---------------------------------------+


+------------------------------------------------------------------------------------------------------------------------+
; Port Connectivity Checks: "Control:theControl"                                                                         ;
+--------------+--------+----------+-------------------------------------------------------------------------------------+
; Port         ; Type   ; Severity ; Details                                                                             ;
+--------------+--------+----------+-------------------------------------------------------------------------------------+
; branchEnable ; Output ; Info     ; Connected to dangling logic. Logic that only feeds a dangling port will be removed. ;
; ALUSrc       ; Output ; Info     ; Connected to dangling logic. Logic that only feeds a dangling port will be removed. ;
; alu4         ; Output ; Info     ; Connected to dangling logic. Logic that only feeds a dangling port will be removed. ;
; alu3         ; Output ; Info     ; Connected to dangling logic. Logic that only feeds a dangling port will be removed. ;
; alu2         ; Output ; Info     ; Connected to dangling logic. Logic that only feeds a dangling port will be removed. ;
; alu1         ; Output ; Info     ; Connected to dangling logic. Logic that only feeds a dangling port will be removed. ;
; alu0         ; Output ; Info     ; Connected to dangling logic. Logic that only feeds a dangling port will be removed. ;
+--------------+--------+----------+-------------------------------------------------------------------------------------+


+---------------------------------+
; Analysis & Elaboration Messages ;
+---------------------------------+
Info: *******************************************************************
Info: Running Quartus II 64-Bit Analysis & Elaboration
    Info: Version 15.0.0 Build 145 04/22/2015 SJ Web Edition
    Info: Processing started: Sun Dec 11 19:52:28 2016
Info: Command: quartus_map --read_settings_files=on --write_settings_files=off DataPath -c DataPath --analysis_and_elaboration
Warning (20028): Parallel compilation is not licensed and has been disabled
Info (12021): Found 1 design units, including 1 entities, in source file instructionMemory2016.sv
    Info (12023): Found entity 1: instructionMemory
Info (12021): Found 1 design units, including 1 entities, in source file tester3.sv
    Info (12023): Found entity 1: tester3
Info (12021): Found 1 design units, including 1 entities, in source file registerFile.sv
    Info (12023): Found entity 1: registerFile
Info (12021): Found 1 design units, including 1 entities, in source file mux4to1B8.sv
    Info (12023): Found entity 1: mux4to1B8
Info (12021): Found 1 design units, including 1 entities, in source file mux4to1B5.sv
    Info (12023): Found entity 1: mux4to1B5
Info (12021): Found 1 design units, including 1 entities, in source file mux4to1B4.sv
    Info (12023): Found entity 1: mux4to1B4
Info (12021): Found 1 design units, including 1 entities, in source file mux4to1B32.sv
    Info (12023): Found entity 1: mux4to1B32
Info (12021): Found 1 design units, including 1 entities, in source file mux4to1B1.sv
    Info (12023): Found entity 1: mux4to1B1
Info (12021): Found 1 design units, including 1 entities, in source file mux2to1B5.sv
    Info (12023): Found entity 1: mux2to1B5
Info (12021): Found 1 design units, including 1 entities, in source file enabledRegister.sv
    Info (12023): Found entity 1: enabledRegister
Info (12021): Found 1 design units, including 1 entities, in source file DataPath.sv
    Info (12023): Found entity 1: DataPath
Info (12021): Found 1 design units, including 1 entities, in source file dataMemory.sv
    Info (12023): Found entity 1: dataMemory
Info (12021): Found 1 design units, including 1 entities, in source file Control.sv
    Info (12023): Found entity 1: Control
Info (12021): Found 1 design units, including 1 entities, in source file ALU.sv
    Info (12023): Found entity 1: ALU
Info (12021): Found 1 design units, including 1 entities, in source file adder.sv
    Info (12023): Found entity 1: adder
Warning (10236): Verilog HDL Implicit Net warning at Control.sv(47): created implicit net for "scrB0"
Info (12127): Elaborating entity "DataPath" for the top level hierarchy
Warning (10036): Verilog HDL or VHDL warning at DataPath.sv(20): object "dataA" assigned a value but never read
Warning (10036): Verilog HDL or VHDL warning at DataPath.sv(26): object "PCBranch" assigned a value but never read
Info (12128): Elaborating entity "adder" for hierarchy "adder:psAdd"
Info (12128): Elaborating entity "Control" for hierarchy "Control:theControl"
Warning (10036): Verilog HDL or VHDL warning at Control.sv(47): object "scrB0" assigned a value but never read
Warning (10858): Verilog HDL warning at Control.sv(10): object srcB0 used but never assigned
Warning (10030): Net "srcB0[0]" at Control.sv(10) has no driver or initial value, using a default initial value '0'
Info (12128): Elaborating entity "mux4to1B1" for hierarchy "Control:theControl|mux4to1B1:lwSave"
Info (12128): Elaborating entity "mux4to1B32" for hierarchy "mux4to1B32:memoryIn"
Info (12128): Elaborating entity "mux4to1B4" for hierarchy "mux4to1B32:memoryIn|mux4to1B4:s1"
Warning (12125): Using design file combinedMemory.sv, which is not specified as a design file for the current project, but contains definitions for 1 design units and 1 entities in project
    Info (12023): Found entity 1: combinedMemory
Info (12128): Elaborating entity "combinedMemory" for hierarchy "combinedMemory:idmem"
Info (12128): Elaborating entity "registerFile" for hierarchy "registerFile:theRegisters"
Info (12128): Elaborating entity "enabledRegister" for hierarchy "registerFile:theRegisters|enabledRegister:r0"
Warning (12125): Using design file mux8to1B32.sv, which is not specified as a design file for the current project, but contains definitions for 1 design units and 1 entities in project
    Info (12023): Found entity 1: mux8to1B32
Info (12128): Elaborating entity "mux8to1B32" for hierarchy "registerFile:theRegisters|mux8to1B32:mpxA1"
Info (12128): Elaborating entity "mux2to1B5" for hierarchy "mux2to1B5:muxA3"
Info (12128): Elaborating entity "ALU" for hierarchy "ALU:theALU"
Warning (12011): Net is missing source, defaulting to GND
    Warning (12110): Net "adderIn2[31]" is missing source, defaulting to GND
    Warning (12110): Net "adderIn2[30]" is missing source, defaulting to GND
    Warning (12110): Net "adderIn2[29]" is missing source, defaulting to GND
    Warning (12110): Net "adderIn2[28]" is missing source, defaulting to GND
    Warning (12110): Net "adderIn2[27]" is missing source, defaulting to GND
    Warning (12110): Net "adderIn2[26]" is missing source, defaulting to GND
    Warning (12110): Net "adderIn2[25]" is missing source, defaulting to GND
    Warning (12110): Net "adderIn2[24]" is missing source, defaulting to GND
    Warning (12110): Net "adderIn2[23]" is missing source, defaulting to GND
    Warning (12110): Net "adderIn2[22]" is missing source, defaulting to GND
    Warning (12110): Net "adderIn2[21]" is missing source, defaulting to GND
    Warning (12110): Net "adderIn2[20]" is missing source, defaulting to GND
    Warning (12110): Net "adderIn2[19]" is missing source, defaulting to GND
    Warning (12110): Net "adderIn2[18]" is missing source, defaulting to GND
    Warning (12110): Net "adderIn2[17]" is missing source, defaulting to GND
    Warning (12110): Net "adderIn2[16]" is missing source, defaulting to GND
    Warning (12110): Net "adderIn2[15]" is missing source, defaulting to GND
    Warning (12110): Net "adderIn2[14]" is missing source, defaulting to GND
    Warning (12110): Net "adderIn2[13]" is missing source, defaulting to GND
    Warning (12110): Net "adderIn2[12]" is missing source, defaulting to GND
    Warning (12110): Net "adderIn2[11]" is missing source, defaulting to GND
    Warning (12110): Net "adderIn2[10]" is missing source, defaulting to GND
    Warning (12110): Net "adderIn2[9]" is missing source, defaulting to GND
    Warning (12110): Net "adderIn2[8]" is missing source, defaulting to GND
    Warning (12110): Net "adderIn2[7]" is missing source, defaulting to GND
    Warning (12110): Net "adderIn2[6]" is missing source, defaulting to GND
    Warning (12110): Net "adderIn2[5]" is missing source, defaulting to GND
    Warning (12110): Net "adderIn2[4]" is missing source, defaulting to GND
    Warning (12110): Net "adderIn2[3]" is missing source, defaulting to GND
    Warning (12110): Net "adderIn2[2]" is missing source, defaulting to GND
    Warning (12110): Net "adderIn2[1]" is missing source, defaulting to GND
    Warning (12110): Net "adderIn2[0]" is missing source, defaulting to GND
Info: Quartus II 64-Bit Analysis & Elaboration was successful. 0 errors, 42 warnings
    Info: Peak virtual memory: 1413 megabytes
    Info: Processing ended: Sun Dec 11 19:52:46 2016
    Info: Elapsed time: 00:00:18
    Info: Total CPU time (on all processors): 00:00:46


